<?xml version="1.0" encoding="UTF-8"?>
<!-- Generated by org.testng.reporters.JUnitXMLReporter -->
<testsuite ignored="9" hostname="DESKTOP-JLV575E" failures="0" tests="1" name="Default test" time="13.691" errors="0" timestamp="2024-02-18T21:42:34 IST">
  <testcase classname="com.learnertracker.test.AdminAddLearnerClass" name="addLearnersWithValidData" time="1.522"/>
  <testcase classname="com.learnertracker.test.AdminAddLearnerClass" name="addLearnersWithBlankName" time="0.0">
    <ignored/>
  </testcase> <!-- addLearnersWithBlankName -->
  <testcase classname="com.learnertracker.test.AdminAddLearnerClass" name="addLearnersWithBlankCourseField" time="0.0">
    <ignored/>
  </testcase> <!-- addLearnersWithBlankCourseField -->
  <testcase classname="com.learnertracker.test.AdminAddLearnerClass" name="addLearnersWithInvalidLearnerId" time="0.0">
    <ignored/>
  </testcase> <!-- addLearnersWithInvalidLearnerId -->
  <testcase classname="com.learnertracker.test.AdminAddLearnerClass" name="addLearnersWithBlankBatchField" time="0.0">
    <ignored/>
  </testcase> <!-- addLearnersWithBlankBatchField -->
  <testcase classname="com.learnertracker.test.AdminAddLearnerClass" name="addLearnersWithBlankProjectField" time="0.0">
    <ignored/>
  </testcase> <!-- addLearnersWithBlankProjectField -->
  <testcase classname="com.learnertracker.test.AdminAddLearnerClass" name="addLearnersWithBlankCourseStatusField" time="0.0">
    <ignored/>
  </testcase> <!-- addLearnersWithBlankCourseStatusField -->
  <testcase classname="com.learnertracker.test.AdminAddLearnerClass" name="trainerAddLearnersViaCsv" time="0.0">
    <ignored/>
  </testcase> <!-- trainerAddLearnersViaCsv -->
  <testcase classname="com.learnertracker.test.AdminAddLearnerClass" name="addLearnersWithBlankLearnerId" time="0.0">
    <ignored/>
  </testcase> <!-- addLearnersWithBlankLearnerId -->
  <testcase classname="com.learnertracker.test.AdminAddLearnerClass" name="addLearnersWithInvalidName" time="0.0">
    <ignored/>
  </testcase> <!-- addLearnersWithInvalidName -->
</testsuite> <!-- Default test -->
