<?xml version="1.0" encoding="UTF-8"?>
<!-- Generated by org.testng.reporters.JUnitXMLReporter -->
<testsuite ignored="0" hostname="DESKTOP-JLV575E" failures="0" tests="2" name="Default test" time="12.436" errors="0" timestamp="2024-02-11T21:22:43 IST">
  <testcase classname="com.learnertracker.test.TrainerManageLearnerClass" name="deleteLearner" time="3.067"/>
  <testcase classname="com.learnertracker.test.TrainerManageLearnerClass" name="editLearner" time="3.435"/>
</testsuite> <!-- Default test -->
